\BOOKMARK [1][-]{section.1}{Introduction}{}% 1
\BOOKMARK [1][-]{section.2}{Methods and Modeling}{}% 2
\BOOKMARK [2][-]{subsection.2.1}{Dataset}{section.2}% 3
\BOOKMARK [2][-]{subsection.2.2}{Data Pre-processing}{section.2}% 4
\BOOKMARK [3][-]{subsubsection.2.2.1}{Inertial Data}{subsection.2.2}% 5
\BOOKMARK [3][-]{subsubsection.2.2.2}{Skeleton Data}{subsection.2.2}% 6
\BOOKMARK [2][-]{subsection.2.3}{Models}{section.2}% 7
\BOOKMARK [3][-]{subsubsection.2.3.1}{Simple LSTM}{subsection.2.3}% 8
\BOOKMARK [3][-]{subsubsection.2.3.2}{BiDirectional}{subsection.2.3}% 9
\BOOKMARK [3][-]{subsubsection.2.3.3}{Conv LSTM}{subsection.2.3}% 10
\BOOKMARK [3][-]{subsubsection.2.3.4}{UNet LSTM}{subsection.2.3}% 11
\BOOKMARK [3][-]{subsubsection.2.3.5}{Ensemble of Conv LSTM and UNet LSTM}{subsection.2.3}% 12
\BOOKMARK [1][-]{section.3}{Computational Simulation}{}% 13
\BOOKMARK [1][-]{section.4}{Results}{}% 14
\BOOKMARK [2][-]{subsection.4.1}{Inertial Data}{section.4}% 15
\BOOKMARK [3][-]{subsubsection.4.1.1}{Simple LSTM}{subsection.4.1}% 16
\BOOKMARK [3][-]{subsubsection.4.1.2}{Bi-Directional LSTM}{subsection.4.1}% 17
\BOOKMARK [3][-]{subsubsection.4.1.3}{Conv LSTM}{subsection.4.1}% 18
\BOOKMARK [3][-]{subsubsection.4.1.4}{UNet LSTM}{subsection.4.1}% 19
\BOOKMARK [3][-]{subsubsection.4.1.5}{Ensemble of Conv LSTM and UNet LSTM}{subsection.4.1}% 20
\BOOKMARK [2][-]{subsection.4.2}{Inertial + Skeleton Data}{section.4}% 21
\BOOKMARK [3][-]{subsubsection.4.2.1}{Conv LSTM}{subsection.4.2}% 22
\BOOKMARK [3][-]{subsubsection.4.2.2}{UNet LSTM}{subsection.4.2}% 23
\BOOKMARK [3][-]{subsubsection.4.2.3}{Ensemble of Conv LSTM and UNet LSTM}{subsection.4.2}% 24
\BOOKMARK [2][-]{subsection.4.3}{Summary}{section.4}% 25
\BOOKMARK [1][-]{section.5}{Discussion, and Conclusion}{}% 26
\BOOKMARK [2][-]{subsection.5.1}{Issue of model over-fitting}{section.5}% 27
\BOOKMARK [2][-]{subsection.5.2}{Data Fusion of Depth and RGB data}{section.5}% 28
\BOOKMARK [2][-]{subsection.5.3}{Ensemble Learning}{section.5}% 29
\BOOKMARK [1][-]{section.6}{Appendix}{}% 30
\BOOKMARK [1][-]{section*.1}{References}{}% 31
