This is pdfTeX, Version 3.14159265-2.6-1.40.18 (TeX Live 2017/Debian) (preloaded format=pdflatex 2018.10.12)  12 NOV 2018 10:20
entering extended mode
 restricted \write18 enabled.
 %&-line parsing enabled.
**report.tex
(./report.tex
LaTeX2e <2017-04-15>
Babel <3.18> and hyphenation patterns for 84 language(s) loaded.
(/usr/share/texlive/texmf-dist/tex/latex/IEEEtran/IEEEtran.cls
Document Class: IEEEtran 2015/08/26 V1.8b by Michael Shell
-- See the "IEEEtran_HOWTO" manual for usage information.
-- http://www.michaelshell.org/tex/ieeetran/
\@IEEEtrantmpdimenA=\dimen102
\@IEEEtrantmpdimenB=\dimen103
\@IEEEtrantmpdimenC=\dimen104
\@IEEEtrantmpcountA=\count79
\@IEEEtrantmpcountB=\count80
\@IEEEtrantmpcountC=\count81
\@IEEEtrantmptoksA=\toks14
LaTeX Font Info:    Try loading font information for OT1+ptm on input line 503.

(/usr/share/texlive/texmf-dist/tex/latex/psnfss/ot1ptm.fd
File: ot1ptm.fd 2001/06/04 font definitions for OT1/ptm.
)
-- Using 8.5in x 11in (letter) paper.
-- Using PDF output.
\@IEEEnormalsizeunitybaselineskip=\dimen105
-- This is a 10 point document.
\CLASSINFOnormalsizebaselineskip=\dimen106
\CLASSINFOnormalsizeunitybaselineskip=\dimen107
\IEEEnormaljot=\dimen108
LaTeX Font Info:    Font shape `OT1/ptm/bx/n' in size <5> not available
(Font)              Font shape `OT1/ptm/b/n' tried instead on input line 1090.
LaTeX Font Info:    Font shape `OT1/ptm/bx/it' in size <5> not available
(Font)              Font shape `OT1/ptm/b/it' tried instead on input line 1090.

LaTeX Font Info:    Font shape `OT1/ptm/bx/n' in size <7> not available
(Font)              Font shape `OT1/ptm/b/n' tried instead on input line 1090.
LaTeX Font Info:    Font shape `OT1/ptm/bx/it' in size <7> not available
(Font)              Font shape `OT1/ptm/b/it' tried instead on input line 1090.

LaTeX Font Info:    Font shape `OT1/ptm/bx/n' in size <8> not available
(Font)              Font shape `OT1/ptm/b/n' tried instead on input line 1090.
LaTeX Font Info:    Font shape `OT1/ptm/bx/it' in size <8> not available
(Font)              Font shape `OT1/ptm/b/it' tried instead on input line 1090.

LaTeX Font Info:    Font shape `OT1/ptm/bx/n' in size <9> not available
(Font)              Font shape `OT1/ptm/b/n' tried instead on input line 1090.
LaTeX Font Info:    Font shape `OT1/ptm/bx/it' in size <9> not available
(Font)              Font shape `OT1/ptm/b/it' tried instead on input line 1090.

LaTeX Font Info:    Font shape `OT1/ptm/bx/n' in size <10> not available
(Font)              Font shape `OT1/ptm/b/n' tried instead on input line 1090.
LaTeX Font Info:    Font shape `OT1/ptm/bx/it' in size <10> not available
(Font)              Font shape `OT1/ptm/b/it' tried instead on input line 1090.

LaTeX Font Info:    Font shape `OT1/ptm/bx/n' in size <11> not available
(Font)              Font shape `OT1/ptm/b/n' tried instead on input line 1090.
LaTeX Font Info:    Font shape `OT1/ptm/bx/it' in size <11> not available
(Font)              Font shape `OT1/ptm/b/it' tried instead on input line 1090.

LaTeX Font Info:    Font shape `OT1/ptm/bx/n' in size <12> not available
(Font)              Font shape `OT1/ptm/b/n' tried instead on input line 1090.
LaTeX Font Info:    Font shape `OT1/ptm/bx/it' in size <12> not available
(Font)              Font shape `OT1/ptm/b/it' tried instead on input line 1090.

LaTeX Font Info:    Font shape `OT1/ptm/bx/n' in size <17> not available
(Font)              Font shape `OT1/ptm/b/n' tried instead on input line 1090.
LaTeX Font Info:    Font shape `OT1/ptm/bx/it' in size <17> not available
(Font)              Font shape `OT1/ptm/b/it' tried instead on input line 1090.

LaTeX Font Info:    Font shape `OT1/ptm/bx/n' in size <20> not available
(Font)              Font shape `OT1/ptm/b/n' tried instead on input line 1090.
LaTeX Font Info:    Font shape `OT1/ptm/bx/it' in size <20> not available
(Font)              Font shape `OT1/ptm/b/it' tried instead on input line 1090.

LaTeX Font Info:    Font shape `OT1/ptm/bx/n' in size <24> not available
(Font)              Font shape `OT1/ptm/b/n' tried instead on input line 1090.
LaTeX Font Info:    Font shape `OT1/ptm/bx/it' in size <24> not available
(Font)              Font shape `OT1/ptm/b/it' tried instead on input line 1090.

\IEEEquantizedlength=\dimen109
\IEEEquantizedlengthdiff=\dimen110
\IEEEquantizedtextheightdiff=\dimen111
\IEEEilabelindentA=\dimen112
\IEEEilabelindentB=\dimen113
\IEEEilabelindent=\dimen114
\IEEEelabelindent=\dimen115
\IEEEdlabelindent=\dimen116
\IEEElabelindent=\dimen117
\IEEEiednormlabelsep=\dimen118
\IEEEiedmathlabelsep=\dimen119
\IEEEiedtopsep=\skip41
\c@section=\count82
\c@subsection=\count83
\c@subsubsection=\count84
\c@paragraph=\count85
\c@IEEEsubequation=\count86
\abovecaptionskip=\skip42
\belowcaptionskip=\skip43
\c@figure=\count87
\c@table=\count88
\@IEEEeqnnumcols=\count89
\@IEEEeqncolcnt=\count90
\@IEEEsubeqnnumrollback=\count91
\@IEEEquantizeheightA=\dimen120
\@IEEEquantizeheightB=\dimen121
\@IEEEquantizeheightC=\dimen122
\@IEEEquantizeprevdepth=\dimen123
\@IEEEquantizemultiple=\count92
\@IEEEquantizeboxA=\box26
\@IEEEtmpitemindent=\dimen124
\IEEEPARstartletwidth=\dimen125
\c@IEEEbiography=\count93
\@IEEEtranrubishbin=\box27
) (/usr/share/texlive/texmf-dist/tex/latex/base/inputenc.sty
Package: inputenc 2015/03/17 v1.2c Input encoding file
\inpenc@prehook=\toks15
\inpenc@posthook=\toks16

(/usr/share/texlive/texmf-dist/tex/latex/base/utf8.def
File: utf8.def 2017/01/28 v1.1t UTF-8 support for inputenc
Now handling font encoding OML ...
... no UTF-8 mapping file for font encoding OML
Now handling font encoding T1 ...
... processing UTF-8 mapping file for font encoding T1

(/usr/share/texlive/texmf-dist/tex/latex/base/t1enc.dfu
File: t1enc.dfu 2017/01/28 v1.1t UTF-8 support for inputenc
   defining Unicode char U+00A0 (decimal 160)
   defining Unicode char U+00A1 (decimal 161)
   defining Unicode char U+00A3 (decimal 163)
   defining Unicode char U+00AB (decimal 171)
   defining Unicode char U+00AD (decimal 173)
   defining Unicode char U+00BB (decimal 187)
   defining Unicode char U+00BF (decimal 191)
   defining Unicode char U+00C0 (decimal 192)
   defining Unicode char U+00C1 (decimal 193)
   defining Unicode char U+00C2 (decimal 194)
   defining Unicode char U+00C3 (decimal 195)
   defining Unicode char U+00C4 (decimal 196)
   defining Unicode char U+00C5 (decimal 197)
   defining Unicode char U+00C6 (decimal 198)
   defining Unicode char U+00C7 (decimal 199)
   defining Unicode char U+00C8 (decimal 200)
   defining Unicode char U+00C9 (decimal 201)
   defining Unicode char U+00CA (decimal 202)
   defining Unicode char U+00CB (decimal 203)
   defining Unicode char U+00CC (decimal 204)
   defining Unicode char U+00CD (decimal 205)
   defining Unicode char U+00CE (decimal 206)
   defining Unicode char U+00CF (decimal 207)
   defining Unicode char U+00D0 (decimal 208)
   defining Unicode char U+00D1 (decimal 209)
   defining Unicode char U+00D2 (decimal 210)
   defining Unicode char U+00D3 (decimal 211)
   defining Unicode char U+00D4 (decimal 212)
   defining Unicode char U+00D5 (decimal 213)
   defining Unicode char U+00D6 (decimal 214)
   defining Unicode char U+00D8 (decimal 216)
   defining Unicode char U+00D9 (decimal 217)
   defining Unicode char U+00DA (decimal 218)
   defining Unicode char U+00DB (decimal 219)
   defining Unicode char U+00DC (decimal 220)
   defining Unicode char U+00DD (decimal 221)
   defining Unicode char U+00DE (decimal 222)
   defining Unicode char U+00DF (decimal 223)
   defining Unicode char U+00E0 (decimal 224)
   defining Unicode char U+00E1 (decimal 225)
   defining Unicode char U+00E2 (decimal 226)
   defining Unicode char U+00E3 (decimal 227)
   defining Unicode char U+00E4 (decimal 228)
   defining Unicode char U+00E5 (decimal 229)
   defining Unicode char U+00E6 (decimal 230)
   defining Unicode char U+00E7 (decimal 231)
   defining Unicode char U+00E8 (decimal 232)
   defining Unicode char U+00E9 (decimal 233)
   defining Unicode char U+00EA (decimal 234)
   defining Unicode char U+00EB (decimal 235)
   defining Unicode char U+00EC (decimal 236)
   defining Unicode char U+00ED (decimal 237)
   defining Unicode char U+00EE (decimal 238)
   defining Unicode char U+00EF (decimal 239)
   defining Unicode char U+00F0 (decimal 240)
   defining Unicode char U+00F1 (decimal 241)
   defining Unicode char U+00F2 (decimal 242)
   defining Unicode char U+00F3 (decimal 243)
   defining Unicode char U+00F4 (decimal 244)
   defining Unicode char U+00F5 (decimal 245)
   defining Unicode char U+00F6 (decimal 246)
   defining Unicode char U+00F8 (decimal 248)
   defining Unicode char U+00F9 (decimal 249)
   defining Unicode char U+00FA (decimal 250)
   defining Unicode char U+00FB (decimal 251)
   defining Unicode char U+00FC (decimal 252)
   defining Unicode char U+00FD (decimal 253)
   defining Unicode char U+00FE (decimal 254)
   defining Unicode char U+00FF (decimal 255)
   defining Unicode char U+0100 (decimal 256)
   defining Unicode char U+0101 (decimal 257)
   defining Unicode char U+0102 (decimal 258)
   defining Unicode char U+0103 (decimal 259)
   defining Unicode char U+0104 (decimal 260)
   defining Unicode char U+0105 (decimal 261)
   defining Unicode char U+0106 (decimal 262)
   defining Unicode char U+0107 (decimal 263)
   defining Unicode char U+0108 (decimal 264)
   defining Unicode char U+0109 (decimal 265)
   defining Unicode char U+010A (decimal 266)
   defining Unicode char U+010B (decimal 267)
   defining Unicode char U+010C (decimal 268)
   defining Unicode char U+010D (decimal 269)
   defining Unicode char U+010E (decimal 270)
   defining Unicode char U+010F (decimal 271)
   defining Unicode char U+0110 (decimal 272)
   defining Unicode char U+0111 (decimal 273)
   defining Unicode char U+0112 (decimal 274)
   defining Unicode char U+0113 (decimal 275)
   defining Unicode char U+0114 (decimal 276)
   defining Unicode char U+0115 (decimal 277)
   defining Unicode char U+0116 (decimal 278)
   defining Unicode char U+0117 (decimal 279)
   defining Unicode char U+0118 (decimal 280)
   defining Unicode char U+0119 (decimal 281)
   defining Unicode char U+011A (decimal 282)
   defining Unicode char U+011B (decimal 283)
   defining Unicode char U+011C (decimal 284)
   defining Unicode char U+011D (decimal 285)
   defining Unicode char U+011E (decimal 286)
   defining Unicode char U+011F (decimal 287)
   defining Unicode char U+0120 (decimal 288)
   defining Unicode char U+0121 (decimal 289)
   defining Unicode char U+0122 (decimal 290)
   defining Unicode char U+0123 (decimal 291)
   defining Unicode char U+0124 (decimal 292)
   defining Unicode char U+0125 (decimal 293)
   defining Unicode char U+0128 (decimal 296)
   defining Unicode char U+0129 (decimal 297)
   defining Unicode char U+012A (decimal 298)
   defining Unicode char U+012B (decimal 299)
   defining Unicode char U+012C (decimal 300)
   defining Unicode char U+012D (decimal 301)
   defining Unicode char U+012E (decimal 302)
   defining Unicode char U+012F (decimal 303)
   defining Unicode char U+0130 (decimal 304)
   defining Unicode char U+0131 (decimal 305)
   defining Unicode char U+0132 (decimal 306)
   defining Unicode char U+0133 (decimal 307)
   defining Unicode char U+0134 (decimal 308)
   defining Unicode char U+0135 (decimal 309)
   defining Unicode char U+0136 (decimal 310)
   defining Unicode char U+0137 (decimal 311)
   defining Unicode char U+0139 (decimal 313)
   defining Unicode char U+013A (decimal 314)
   defining Unicode char U+013B (decimal 315)
   defining Unicode char U+013C (decimal 316)
   defining Unicode char U+013D (decimal 317)
   defining Unicode char U+013E (decimal 318)
   defining Unicode char U+0141 (decimal 321)
   defining Unicode char U+0142 (decimal 322)
   defining Unicode char U+0143 (decimal 323)
   defining Unicode char U+0144 (decimal 324)
   defining Unicode char U+0145 (decimal 325)
   defining Unicode char U+0146 (decimal 326)
   defining Unicode char U+0147 (decimal 327)
   defining Unicode char U+0148 (decimal 328)
   defining Unicode char U+014A (decimal 330)
   defining Unicode char U+014B (decimal 331)
   defining Unicode char U+014C (decimal 332)
   defining Unicode char U+014D (decimal 333)
   defining Unicode char U+014E (decimal 334)
   defining Unicode char U+014F (decimal 335)
   defining Unicode char U+0150 (decimal 336)
   defining Unicode char U+0151 (decimal 337)
   defining Unicode char U+0152 (decimal 338)
   defining Unicode char U+0153 (decimal 339)
   defining Unicode char U+0154 (decimal 340)
   defining Unicode char U+0155 (decimal 341)
   defining Unicode char U+0156 (decimal 342)
   defining Unicode char U+0157 (decimal 343)
   defining Unicode char U+0158 (decimal 344)
   defining Unicode char U+0159 (decimal 345)
   defining Unicode char U+015A (decimal 346)
   defining Unicode char U+015B (decimal 347)
   defining Unicode char U+015C (decimal 348)
   defining Unicode char U+015D (decimal 349)
   defining Unicode char U+015E (decimal 350)
   defining Unicode char U+015F (decimal 351)
   defining Unicode char U+0160 (decimal 352)
   defining Unicode char U+0161 (decimal 353)
   defining Unicode char U+0162 (decimal 354)
   defining Unicode char U+0163 (decimal 355)
   defining Unicode char U+0164 (decimal 356)
   defining Unicode char U+0165 (decimal 357)
   defining Unicode char U+0168 (decimal 360)
   defining Unicode char U+0169 (decimal 361)
   defining Unicode char U+016A (decimal 362)
   defining Unicode char U+016B (decimal 363)
   defining Unicode char U+016C (decimal 364)
   defining Unicode char U+016D (decimal 365)
   defining Unicode char U+016E (decimal 366)
   defining Unicode char U+016F (decimal 367)
   defining Unicode char U+0170 (decimal 368)
   defining Unicode char U+0171 (decimal 369)
   defining Unicode char U+0172 (decimal 370)
   defining Unicode char U+0173 (decimal 371)
   defining Unicode char U+0174 (decimal 372)
   defining Unicode char U+0175 (decimal 373)
   defining Unicode char U+0176 (decimal 374)
   defining Unicode char U+0177 (decimal 375)
   defining Unicode char U+0178 (decimal 376)
   defining Unicode char U+0179 (decimal 377)
   defining Unicode char U+017A (decimal 378)
   defining Unicode char U+017B (decimal 379)
   defining Unicode char U+017C (decimal 380)
   defining Unicode char U+017D (decimal 381)
   defining Unicode char U+017E (decimal 382)
   defining Unicode char U+01CD (decimal 461)
   defining Unicode char U+01CE (decimal 462)
   defining Unicode char U+01CF (decimal 463)
   defining Unicode char U+01D0 (decimal 464)
   defining Unicode char U+01D1 (decimal 465)
   defining Unicode char U+01D2 (decimal 466)
   defining Unicode char U+01D3 (decimal 467)
   defining Unicode char U+01D4 (decimal 468)
   defining Unicode char U+01E2 (decimal 482)
   defining Unicode char U+01E3 (decimal 483)
   defining Unicode char U+01E6 (decimal 486)
   defining Unicode char U+01E7 (decimal 487)
   defining Unicode char U+01E8 (decimal 488)
   defining Unicode char U+01E9 (decimal 489)
   defining Unicode char U+01EA (decimal 490)
   defining Unicode char U+01EB (decimal 491)
   defining Unicode char U+01F0 (decimal 496)
   defining Unicode char U+01F4 (decimal 500)
   defining Unicode char U+01F5 (decimal 501)
   defining Unicode char U+0218 (decimal 536)
   defining Unicode char U+0219 (decimal 537)
   defining Unicode char U+021A (decimal 538)
   defining Unicode char U+021B (decimal 539)
   defining Unicode char U+0232 (decimal 562)
   defining Unicode char U+0233 (decimal 563)
   defining Unicode char U+1E02 (decimal 7682)
   defining Unicode char U+1E03 (decimal 7683)
   defining Unicode char U+200C (decimal 8204)
   defining Unicode char U+2010 (decimal 8208)
   defining Unicode char U+2011 (decimal 8209)
   defining Unicode char U+2012 (decimal 8210)
   defining Unicode char U+2013 (decimal 8211)
   defining Unicode char U+2014 (decimal 8212)
   defining Unicode char U+2015 (decimal 8213)
   defining Unicode char U+2018 (decimal 8216)
   defining Unicode char U+2019 (decimal 8217)
   defining Unicode char U+201A (decimal 8218)
   defining Unicode char U+201C (decimal 8220)
   defining Unicode char U+201D (decimal 8221)
   defining Unicode char U+201E (decimal 8222)
   defining Unicode char U+2030 (decimal 8240)
   defining Unicode char U+2031 (decimal 8241)
   defining Unicode char U+2039 (decimal 8249)
   defining Unicode char U+203A (decimal 8250)
   defining Unicode char U+2423 (decimal 9251)
   defining Unicode char U+1E20 (decimal 7712)
   defining Unicode char U+1E21 (decimal 7713)
)
Now handling font encoding OT1 ...
... processing UTF-8 mapping file for font encoding OT1

(/usr/share/texlive/texmf-dist/tex/latex/base/ot1enc.dfu
File: ot1enc.dfu 2017/01/28 v1.1t UTF-8 support for inputenc
   defining Unicode char U+00A0 (decimal 160)
   defining Unicode char U+00A1 (decimal 161)
   defining Unicode char U+00A3 (decimal 163)
   defining Unicode char U+00AD (decimal 173)
   defining Unicode char U+00B8 (decimal 184)
   defining Unicode char U+00BF (decimal 191)
   defining Unicode char U+00C5 (decimal 197)
   defining Unicode char U+00C6 (decimal 198)
   defining Unicode char U+00D8 (decimal 216)
   defining Unicode char U+00DF (decimal 223)
   defining Unicode char U+00E6 (decimal 230)
   defining Unicode char U+00EC (decimal 236)
   defining Unicode char U+00ED (decimal 237)
   defining Unicode char U+00EE (decimal 238)
   defining Unicode char U+00EF (decimal 239)
   defining Unicode char U+00F8 (decimal 248)
   defining Unicode char U+0131 (decimal 305)
   defining Unicode char U+0141 (decimal 321)
   defining Unicode char U+0142 (decimal 322)
   defining Unicode char U+0152 (decimal 338)
   defining Unicode char U+0153 (decimal 339)
   defining Unicode char U+0174 (decimal 372)
   defining Unicode char U+0175 (decimal 373)
   defining Unicode char U+0176 (decimal 374)
   defining Unicode char U+0177 (decimal 375)
   defining Unicode char U+0218 (decimal 536)
   defining Unicode char U+0219 (decimal 537)
   defining Unicode char U+021A (decimal 538)
   defining Unicode char U+021B (decimal 539)
   defining Unicode char U+2013 (decimal 8211)
   defining Unicode char U+2014 (decimal 8212)
   defining Unicode char U+2018 (decimal 8216)
   defining Unicode char U+2019 (decimal 8217)
   defining Unicode char U+201C (decimal 8220)
   defining Unicode char U+201D (decimal 8221)
)
Now handling font encoding OMS ...
... processing UTF-8 mapping file for font encoding OMS

(/usr/share/texlive/texmf-dist/tex/latex/base/omsenc.dfu
File: omsenc.dfu 2017/01/28 v1.1t UTF-8 support for inputenc
   defining Unicode char U+00A7 (decimal 167)
   defining Unicode char U+00B6 (decimal 182)
   defining Unicode char U+00B7 (decimal 183)
   defining Unicode char U+2020 (decimal 8224)
   defining Unicode char U+2021 (decimal 8225)
   defining Unicode char U+2022 (decimal 8226)
)
Now handling font encoding OMX ...
... no UTF-8 mapping file for font encoding OMX
Now handling font encoding U ...
... no UTF-8 mapping file for font encoding U
   defining Unicode char U+00A9 (decimal 169)
   defining Unicode char U+00AA (decimal 170)
   defining Unicode char U+00AE (decimal 174)
   defining Unicode char U+00BA (decimal 186)
   defining Unicode char U+02C6 (decimal 710)
   defining Unicode char U+02DC (decimal 732)
   defining Unicode char U+200C (decimal 8204)
   defining Unicode char U+2026 (decimal 8230)
   defining Unicode char U+2122 (decimal 8482)
   defining Unicode char U+2423 (decimal 9251)
))
(/usr/share/texlive/texmf-dist/tex/latex/amsmath/amsmath.sty
Package: amsmath 2017/09/02 v2.17a AMS math features
\@mathmargin=\skip44

For additional information on amsmath, use the `?' option.
(/usr/share/texlive/texmf-dist/tex/latex/amsmath/amstext.sty
Package: amstext 2000/06/29 v2.01 AMS text

(/usr/share/texlive/texmf-dist/tex/latex/amsmath/amsgen.sty
File: amsgen.sty 1999/11/30 v2.0 generic functions
\@emptytoks=\toks17
\ex@=\dimen126
))
(/usr/share/texlive/texmf-dist/tex/latex/amsmath/amsbsy.sty
Package: amsbsy 1999/11/29 v1.2d Bold Symbols
\pmbraise@=\dimen127
)
(/usr/share/texlive/texmf-dist/tex/latex/amsmath/amsopn.sty
Package: amsopn 2016/03/08 v2.02 operator names
)
\inf@bad=\count94
LaTeX Info: Redefining \frac on input line 213.
\uproot@=\count95
\leftroot@=\count96
LaTeX Info: Redefining \overline on input line 375.
\classnum@=\count97
\DOTSCASE@=\count98
LaTeX Info: Redefining \ldots on input line 472.
LaTeX Info: Redefining \dots on input line 475.
LaTeX Info: Redefining \cdots on input line 596.
\Mathstrutbox@=\box28
\strutbox@=\box29
\big@size=\dimen128
LaTeX Font Info:    Redeclaring font encoding OML on input line 712.
LaTeX Font Info:    Redeclaring font encoding OMS on input line 713.
\macc@depth=\count99
\c@MaxMatrixCols=\count100
\dotsspace@=\muskip10
\c@parentequation=\count101
\dspbrk@lvl=\count102
\tag@help=\toks18
\row@=\count103
\column@=\count104
\maxfields@=\count105
\andhelp@=\toks19
\eqnshift@=\dimen129
\alignsep@=\dimen130
\tagshift@=\dimen131
\tagwidth@=\dimen132
\totwidth@=\dimen133
\lineht@=\dimen134
\@envbody=\toks20
\multlinegap=\skip45
\multlinetaggap=\skip46
\mathdisplay@stack=\toks21
LaTeX Info: Redefining \[ on input line 2817.
LaTeX Info: Redefining \] on input line 2818.
)
(/usr/share/texlive/texmf-dist/tex/latex/units/units.sty
Package: units 1998/08/04 v0.9b Typesetting units

(/usr/share/texlive/texmf-dist/tex/latex/base/ifthen.sty
Package: ifthen 2014/09/29 v1.1c Standard LaTeX ifthen package (DPC)
)
(/usr/share/texlive/texmf-dist/tex/latex/units/nicefrac.sty
Package: nicefrac 1998/08/04 v0.9b Nice fractions
\L@UnitsRaiseDisplaystyle=\skip47
\L@UnitsRaiseTextstyle=\skip48
\L@UnitsRaiseScriptstyle=\skip49
))
(/usr/share/texlive/texmf-dist/tex/latex/graphics/graphicx.sty
Package: graphicx 2017/06/01 v1.1a Enhanced LaTeX Graphics (DPC,SPQR)

(/usr/share/texlive/texmf-dist/tex/latex/graphics/keyval.sty
Package: keyval 2014/10/28 v1.15 key=value parser (DPC)
\KV@toks@=\toks22
)
(/usr/share/texlive/texmf-dist/tex/latex/graphics/graphics.sty
Package: graphics 2017/06/25 v1.2c Standard LaTeX Graphics (DPC,SPQR)

(/usr/share/texlive/texmf-dist/tex/latex/graphics/trig.sty
Package: trig 2016/01/03 v1.10 sin cos tan (DPC)
)
(/usr/share/texlive/texmf-dist/tex/latex/graphics-cfg/graphics.cfg
File: graphics.cfg 2016/06/04 v1.11 sample graphics configuration
)
Package graphics Info: Driver file: pdftex.def on input line 99.

(/usr/share/texlive/texmf-dist/tex/latex/graphics-def/pdftex.def
File: pdftex.def 2018/01/08 v1.0l Graphics/color driver for pdftex
))
\Gin@req@height=\dimen135
\Gin@req@width=\dimen136
)
(/usr/share/texlive/texmf-dist/tex/latex/multirow/multirow.sty
Package: multirow 2016/11/25 v2.2 Span multiple rows of a table
\multirow@colwidth=\skip50
\multirow@cntb=\count106
\multirow@dima=\skip51
\bigstrutjot=\dimen137
)
(/usr/share/texlive/texmf-dist/tex/latex/comment/comment.sty
\CommentStream=\write3

Excluding comment 'comment')
(/usr/share/texlive/texmf-dist/tex/latex/listings/listings.sty
\lst@mode=\count107
\lst@gtempboxa=\box30
\lst@token=\toks23
\lst@length=\count108
\lst@currlwidth=\dimen138
\lst@column=\count109
\lst@pos=\count110
\lst@lostspace=\dimen139
\lst@width=\dimen140
\lst@newlines=\count111
\lst@lineno=\count112
\lst@maxwidth=\dimen141

(/usr/share/texlive/texmf-dist/tex/latex/listings/lstmisc.sty
File: lstmisc.sty 2015/06/04 1.6 (Carsten Heinz)
\c@lstnumber=\count113
\lst@skipnumbers=\count114
\lst@framebox=\box31
)
(/usr/share/texlive/texmf-dist/tex/latex/listings/listings.cfg
File: listings.cfg 2015/06/04 1.6 listings configuration
))
Package: listings 2015/06/04 1.6 (Carsten Heinz)

(/usr/share/texlive/texmf-dist/tex/latex/placeins/placeins.sty
Package: placeins 2005/04/18  v 2.2
)
(/usr/share/texlive/texmf-dist/tex/latex/float/float.sty
Package: float 2001/11/08 v1.3d Float enhancements (AL)
\c@float@type=\count115
\float@exts=\toks24
\float@box=\box32
\@float@everytoks=\toks25
\@floatcapt=\box33
)
(/usr/share/texlive/texmf-dist/tex/latex/hyperref/hyperref.sty
Package: hyperref 2018/02/06 v6.86b Hypertext links for LaTeX

(/usr/share/texlive/texmf-dist/tex/generic/oberdiek/hobsub-hyperref.sty
Package: hobsub-hyperref 2016/05/16 v1.14 Bundle oberdiek, subset hyperref (HO)


(/usr/share/texlive/texmf-dist/tex/generic/oberdiek/hobsub-generic.sty
Package: hobsub-generic 2016/05/16 v1.14 Bundle oberdiek, subset generic (HO)
Package: hobsub 2016/05/16 v1.14 Construct package bundles (HO)
Package: infwarerr 2016/05/16 v1.4 Providing info/warning/error messages (HO)
Package: ltxcmds 2016/05/16 v1.23 LaTeX kernel commands for general use (HO)
Package: ifluatex 2016/05/16 v1.4 Provides the ifluatex switch (HO)
Package ifluatex Info: LuaTeX not detected.
Package: ifvtex 2016/05/16 v1.6 Detect VTeX and its facilities (HO)
Package ifvtex Info: VTeX not detected.
Package: intcalc 2016/05/16 v1.2 Expandable calculations with integers (HO)
Package: ifpdf 2017/03/15 v3.2 Provides the ifpdf switch
Package: etexcmds 2016/05/16 v1.6 Avoid name clashes with e-TeX commands (HO)
Package etexcmds Info: Could not find \expanded.
(etexcmds)             That can mean that you are not using pdfTeX 1.50 or
(etexcmds)             that some package has redefined \expanded.
(etexcmds)             In the latter case, load this package earlier.
Package: kvsetkeys 2016/05/16 v1.17 Key value parser (HO)
Package: kvdefinekeys 2016/05/16 v1.4 Define keys (HO)
Package: pdftexcmds 2018/01/21 v0.26 Utility functions of pdfTeX for LuaTeX (HO
)
Package pdftexcmds Info: LuaTeX not detected.
Package pdftexcmds Info: \pdf@primitive is available.
Package pdftexcmds Info: \pdf@ifprimitive is available.
Package pdftexcmds Info: \pdfdraftmode found.
Package: pdfescape 2016/05/16 v1.14 Implements pdfTeX's escape features (HO)
Package: bigintcalc 2016/05/16 v1.4 Expandable calculations on big integers (HO
)
Package: bitset 2016/05/16 v1.2 Handle bit-vector datatype (HO)
Package: uniquecounter 2016/05/16 v1.3 Provide unlimited unique counter (HO)
)
Package hobsub Info: Skipping package `hobsub' (already loaded).
Package: letltxmacro 2016/05/16 v1.5 Let assignment for LaTeX macros (HO)
Package: hopatch 2016/05/16 v1.3 Wrapper for package hooks (HO)
Package: xcolor-patch 2016/05/16 xcolor patch
Package: atveryend 2016/05/16 v1.9 Hooks at the very end of document (HO)
Package atveryend Info: \enddocument detected (standard20110627).
Package: atbegshi 2016/06/09 v1.18 At begin shipout hook (HO)
Package: refcount 2016/05/16 v3.5 Data extraction from label references (HO)
Package: hycolor 2016/05/16 v1.8 Color options for hyperref/bookmark (HO)
)
(/usr/share/texlive/texmf-dist/tex/generic/ifxetex/ifxetex.sty
Package: ifxetex 2010/09/12 v0.6 Provides ifxetex conditional
)
(/usr/share/texlive/texmf-dist/tex/latex/oberdiek/auxhook.sty
Package: auxhook 2016/05/16 v1.4 Hooks for auxiliary files (HO)
)
(/usr/share/texlive/texmf-dist/tex/latex/oberdiek/kvoptions.sty
Package: kvoptions 2016/05/16 v3.12 Key value format for package options (HO)
)
\@linkdim=\dimen142
\Hy@linkcounter=\count116
\Hy@pagecounter=\count117

(/usr/share/texlive/texmf-dist/tex/latex/hyperref/pd1enc.def
File: pd1enc.def 2018/02/06 v6.86b Hyperref: PDFDocEncoding definition (HO)
Now handling font encoding PD1 ...
... no UTF-8 mapping file for font encoding PD1
)
\Hy@SavedSpaceFactor=\count118

(/usr/share/texlive/texmf-dist/tex/latex/latexconfig/hyperref.cfg
File: hyperref.cfg 2002/06/06 v1.2 hyperref configuration of TeXLive
)
Package hyperref Info: Hyper figures OFF on input line 4509.
Package hyperref Info: Link nesting OFF on input line 4514.
Package hyperref Info: Hyper index ON on input line 4517.
Package hyperref Info: Plain pages OFF on input line 4524.
Package hyperref Info: Backreferencing OFF on input line 4529.
Package hyperref Info: Implicit mode ON; LaTeX internals redefined.
Package hyperref Info: Bookmarks ON on input line 4762.
\c@Hy@tempcnt=\count119

(/usr/share/texlive/texmf-dist/tex/latex/url/url.sty
\Urlmuskip=\muskip11
Package: url 2013/09/16  ver 3.4  Verb mode for urls, etc.
)
LaTeX Info: Redefining \url on input line 5115.
\XeTeXLinkMargin=\dimen143
\Fld@menulength=\count120
\Field@Width=\dimen144
\Fld@charsize=\dimen145
Package hyperref Info: Hyper figures OFF on input line 6369.
Package hyperref Info: Link nesting OFF on input line 6374.
Package hyperref Info: Hyper index ON on input line 6377.
Package hyperref Info: backreferencing OFF on input line 6384.
Package hyperref Info: Link coloring OFF on input line 6389.
Package hyperref Info: Link coloring with OCG OFF on input line 6394.
Package hyperref Info: PDF/A mode OFF on input line 6399.
LaTeX Info: Redefining \ref on input line 6439.
LaTeX Info: Redefining \pageref on input line 6443.
\Hy@abspage=\count121
\c@Item=\count122
\c@Hfootnote=\count123
)
Package hyperref Info: Driver (autodetected): hpdftex.

(/usr/share/texlive/texmf-dist/tex/latex/hyperref/hpdftex.def
File: hpdftex.def 2018/02/06 v6.86b Hyperref driver for pdfTeX
\Fld@listcount=\count124
\c@bookmark@seq@number=\count125

(/usr/share/texlive/texmf-dist/tex/latex/oberdiek/rerunfilecheck.sty
Package: rerunfilecheck 2016/05/16 v1.8 Rerun checks for auxiliary files (HO)
Package uniquecounter Info: New unique counter `rerunfilecheck' on input line 2
82.
)
\Hy@SectionHShift=\skip52
)
(./report.aux)
\openout1 = `report.aux'.

LaTeX Font Info:    Checking defaults for OML/cmm/m/it on input line 14.
LaTeX Font Info:    ... okay on input line 14.
LaTeX Font Info:    Checking defaults for T1/cmr/m/n on input line 14.
LaTeX Font Info:    ... okay on input line 14.
LaTeX Font Info:    Checking defaults for OT1/cmr/m/n on input line 14.
LaTeX Font Info:    ... okay on input line 14.
LaTeX Font Info:    Checking defaults for OMS/cmsy/m/n on input line 14.
LaTeX Font Info:    ... okay on input line 14.
LaTeX Font Info:    Checking defaults for OMX/cmex/m/n on input line 14.
LaTeX Font Info:    ... okay on input line 14.
LaTeX Font Info:    Checking defaults for U/cmr/m/n on input line 14.
LaTeX Font Info:    ... okay on input line 14.
LaTeX Font Info:    Checking defaults for PD1/pdf/m/n on input line 14.
LaTeX Font Info:    ... okay on input line 14.

-- Lines per column: 56 (exact).
(/usr/share/texlive/texmf-dist/tex/context/base/mkii/supp-pdf.mkii
[Loading MPS to PDF converter (version 2006.09.02).]
\scratchcounter=\count126
\scratchdimen=\dimen146
\scratchbox=\box34
\nofMPsegments=\count127
\nofMParguments=\count128
\everyMPshowfont=\toks26
\MPscratchCnt=\count129
\MPscratchDim=\dimen147
\MPnumerator=\count130
\makeMPintoPDFobject=\count131
\everyMPtoPDFconversion=\toks27
) (/usr/share/texlive/texmf-dist/tex/latex/oberdiek/epstopdf-base.sty
Package: epstopdf-base 2016/05/15 v2.6 Base part for package epstopdf

(/usr/share/texlive/texmf-dist/tex/latex/oberdiek/grfext.sty
Package: grfext 2016/05/16 v1.2 Manage graphics extensions (HO)
)
Package epstopdf-base Info: Redefining graphics rule for `.eps' on input line 4
38.
Package grfext Info: Graphics extension search list:
(grfext)             [.pdf,.png,.jpg,.mps,.jpeg,.jbig2,.jb2,.PDF,.PNG,.JPG,.JPE
G,.JBIG2,.JB2,.eps]
(grfext)             \AppendGraphicsExtensions on input line 456.

(/usr/share/texlive/texmf-dist/tex/latex/latexconfig/epstopdf-sys.cfg
File: epstopdf-sys.cfg 2010/07/13 v1.3 Configuration of (r)epstopdf for TeX Liv
e
))
\c@lstlisting=\count132
\AtBeginShipoutBox=\box35
Package hyperref Info: Link coloring OFF on input line 14.

(/usr/share/texlive/texmf-dist/tex/latex/hyperref/nameref.sty
Package: nameref 2016/05/21 v2.44 Cross-referencing by name of section

(/usr/share/texlive/texmf-dist/tex/generic/oberdiek/gettitlestring.sty
Package: gettitlestring 2016/05/16 v1.5 Cleanup title references (HO)
)
\c@section@level=\count133
)
LaTeX Info: Redefining \ref on input line 14.
LaTeX Info: Redefining \pageref on input line 14.
LaTeX Info: Redefining \nameref on input line 14.

(./report.out) (./report.out)
\@outlinefile=\write4
\openout4 = `report.out'.

LaTeX Font Info:    Calculating math sizes for size <11> on input line 25.

Underfull \hbox (badness 10000) in paragraph at lines 31--34

 []


Underfull \hbox (badness 4391) in paragraph at lines 31--34
\OT1/ptm/m/n/10 Traditional ap-proaches can be gen-er-ally bro-ken down
 []

<two_stream_architecture.png, id=147, 600.2425pt x 212.795pt>
File: two_stream_architecture.png Graphic file (type png)
<use two_stream_architecture.png>
Package pdftex.def Info: two_stream_architecture.png  used on input line 50.
(pdftex.def)             Requested size: 240.09274pt x 85.11649pt.

Underfull \hbox (badness 5374) in paragraph at lines 39--52
\OT1/ptm/m/n/10 ex-tract-ing the use-ful spatio-temporal fea-tures. An-other
 []


Underfull \hbox (badness 10000) in paragraph at lines 39--52

 []


Underfull \hbox (badness 1735) in paragraph at lines 39--52
\OT1/ptm/m/n/10 Con-vo-lu-tional Net-works (LRCN) [[]], 3-D Con-vo-lu-tional
 []


Underfull \hbox (badness 10000) in paragraph at lines 39--52

 []


Underfull \hbox (badness 2080) in paragraph at lines 39--52
\OT1/ptm/m/n/10 Hid-den Two-Stream Con-vo-lu-tional Net-works [[]], Two-
 []


Underfull \hbox (badness 10000) in paragraph at lines 39--52

 []

<depth_tennis_swing.png, id=154, 339.2675pt x 251.94125pt>
File: depth_tennis_swing.png Graphic file (type png)
<use depth_tennis_swing.png>
Package pdftex.def Info: depth_tennis_swing.png  used on input line 59.
(pdftex.def)             Requested size: 101.78102pt x 75.58295pt.
[1{/var/lib/texmf/fonts/map/pdftex/updmap/pdftex.map}


 <./two_stream_architecture.png>]
<inertial_tennis_swing.png, id=190, 830.10126pt x 381.425pt>
File: inertial_tennis_swing.png Graphic file (type png)
<use inertial_tennis_swing.png>
Package pdftex.def Info: inertial_tennis_swing.png  used on input line 65.
(pdftex.def)             Requested size: 249.0323pt x 114.42838pt.
<skeleton_tennis_swing.png, id=191, 310.15875pt x 375.4025pt>
File: skeleton_tennis_swing.png Graphic file (type png)
<use skeleton_tennis_swing.png>
Package pdftex.def Info: skeleton_tennis_swing.png  used on input line 71.
(pdftex.def)             Requested size: 93.04834pt x 112.62161pt.
<tennis_swing.png, id=192, 289.08pt x 214.8025pt>
File: tennis_swing.png Graphic file (type png)
<use tennis_swing.png>
Package pdftex.def Info: tennis_swing.png  used on input line 77.
(pdftex.def)             Requested size: 115.62994pt x 85.91946pt.
<period_hist.png, id=195, 369.38pt x 240.9pt>
File: period_hist.png Graphic file (type png)
<use period_hist.png>
Package pdftex.def Info: period_hist.png  used on input line 88.
(pdftex.def)             Requested size: 147.74937pt x 96.35828pt.
<amp_max_acc_hist.png, id=198, 366.36874pt x 237.88875pt>
File: amp_max_acc_hist.png Graphic file (type png)
<use amp_max_acc_hist.png>
Package pdftex.def Info: amp_max_acc_hist.png  used on input line 96.
(pdftex.def)             Requested size: 146.54489pt x 95.15381pt.
<amp_min_acc_hist.png, id=199, 366.36874pt x 239.89626pt>
File: amp_min_acc_hist.png Graphic file (type png)
<use amp_min_acc_hist.png>
Package pdftex.def Info: amp_min_acc_hist.png  used on input line 103.
(pdftex.def)             Requested size: 146.54489pt x 95.95679pt.
<amp_max_gyro_hist.png, id=200, 367.3725pt x 239.89626pt>
File: amp_max_gyro_hist.png Graphic file (type png)
<use amp_max_gyro_hist.png>
Package pdftex.def Info: amp_max_gyro_hist.png  used on input line 110.
(pdftex.def)             Requested size: 146.94638pt x 95.95679pt.
<amp_min_gyro_hist.png, id=201, 369.38pt x 238.8925pt>
File: amp_min_gyro_hist.png Graphic file (type png)
<use amp_min_gyro_hist.png>
Package pdftex.def Info: amp_min_gyro_hist.png  used on input line 117.
(pdftex.def)             Requested size: 147.74937pt x 95.5553pt.

Underfull \vbox (badness 10000) has occurred while \output is active []

 [2 <./depth_tennis_swing.png> <./inertial_tennis_swing.png> <./skeleton_tennis
_swing.png> <./tennis_swing.png> <./period_hist.png> <./amp_max_acc_hist.png> <
./amp_min_acc_hist.png>]
Underfull \hbox (badness 10000) in paragraph at lines 136--137

 []


Underfull \hbox (badness 10000) in paragraph at lines 136--137

 []


Underfull \hbox (badness 10000) in paragraph at lines 138--139

 []


Underfull \hbox (badness 10000) in paragraph at lines 138--139

 []


Underfull \hbox (badness 10000) in paragraph at lines 140--141

 []


Underfull \hbox (badness 10000) in paragraph at lines 140--141

 []


Underfull \hbox (badness 10000) in paragraph at lines 142--143

 []


Underfull \hbox (badness 10000) in paragraph at lines 142--143

 []

<simple_LSTM/simpleLSTM_acc_plot.png, id=225, 482.80376pt x 331.2375pt>
File: simple_LSTM/simpleLSTM_acc_plot.png Graphic file (type png)
<use simple_LSTM/simpleLSTM_acc_plot.png>
Package pdftex.def Info: simple_LSTM/simpleLSTM_acc_plot.png  used on input lin
e 160.
(pdftex.def)             Requested size: 193.11807pt x 132.49265pt.
[3 <./amp_max_gyro_hist.png> <./amp_min_gyro_hist.png>]
<simple_LSTM/simpleLSTM_loss_plot.png, id=252, 482.80376pt x 332.24126pt>
File: simple_LSTM/simpleLSTM_loss_plot.png Graphic file (type png)
<use simple_LSTM/simpleLSTM_loss_plot.png>
Package pdftex.def Info: simple_LSTM/simpleLSTM_loss_plot.png  used on input li
ne 167.
(pdftex.def)             Requested size: 193.11807pt x 132.89413pt.
<simple_LSTM/simpleLSTM_confusion_matrix.png, id=253, 769.87625pt x 759.83875pt
>
File: simple_LSTM/simpleLSTM_confusion_matrix.png Graphic file (type png)
<use simple_LSTM/simpleLSTM_confusion_matrix.png>
Package pdftex.def Info: simple_LSTM/simpleLSTM_confusion_matrix.png  used on i
nput line 174.
(pdftex.def)             Requested size: 230.96466pt x 227.95337pt.
<bidirectional_LSTM/bidirectionalLSTM_acc_plot.png, id=257, 482.80376pt x 331.2
375pt>
File: bidirectional_LSTM/bidirectionalLSTM_acc_plot.png Graphic file (type png)

<use bidirectional_LSTM/bidirectionalLSTM_acc_plot.png>
Package pdftex.def Info: bidirectional_LSTM/bidirectionalLSTM_acc_plot.png  use
d on input line 183.
(pdftex.def)             Requested size: 193.11807pt x 132.49265pt.
<bidirectional_LSTM/bidirectionalLSTM_loss_plot.png, id=258, 482.80376pt x 331.
2375pt>
File: bidirectional_LSTM/bidirectionalLSTM_loss_plot.png Graphic file (type png
)
<use bidirectional_LSTM/bidirectionalLSTM_loss_plot.png>
Package pdftex.def Info: bidirectional_LSTM/bidirectionalLSTM_loss_plot.png  us
ed on input line 190.
(pdftex.def)             Requested size: 193.11807pt x 132.49265pt.
<bidirectional_LSTM/bidirectional_confusion_matrix.png, id=259, 767.86874pt x 7
58.835pt>
File: bidirectional_LSTM/bidirectional_confusion_matrix.png Graphic file (type 
png)
<use bidirectional_LSTM/bidirectional_confusion_matrix.png>
Package pdftex.def Info: bidirectional_LSTM/bidirectional_confusion_matrix.png 
 used on input line 197.
(pdftex.def)             Requested size: 230.3624pt x 227.65225pt.

Underfull \vbox (badness 10000) has occurred while \output is active []

 [4 <./simple_LSTM/simpleLSTM_acc_plot.png> <./simple_LSTM/simpleLSTM_loss_plot
.png> <./simple_LSTM/simpleLSTM_confusion_matrix.png> <./bidirectional_LSTM/bid
irectionalLSTM_acc_plot.png> <./bidirectional_LSTM/bidirectionalLSTM_loss_plot.
png>]
<conv_LSTM/conv_LSTM_acc_plot.png, id=275, 482.80376pt x 333.245pt>
File: conv_LSTM/conv_LSTM_acc_plot.png Graphic file (type png)
<use conv_LSTM/conv_LSTM_acc_plot.png>
Package pdftex.def Info: conv_LSTM/conv_LSTM_acc_plot.png  used on input line 2
08.
(pdftex.def)             Requested size: 193.11807pt x 133.29562pt.
<conv_LSTM/conv_LSTM_loss_plot.png, id=276, 482.80376pt x 334.24875pt>
File: conv_LSTM/conv_LSTM_loss_plot.png Graphic file (type png)
<use conv_LSTM/conv_LSTM_loss_plot.png>
Package pdftex.def Info: conv_LSTM/conv_LSTM_loss_plot.png  used on input line 
215.
(pdftex.def)             Requested size: 193.11807pt x 133.69713pt.
<conv_LSTM/conv_lstm_confusion_matrix.png, id=277, 768.8725pt x 761.84625pt>
File: conv_LSTM/conv_lstm_confusion_matrix.png Graphic file (type png)
<use conv_LSTM/conv_lstm_confusion_matrix.png>
Package pdftex.def Info: conv_LSTM/conv_lstm_confusion_matrix.png  used on inpu
t line 222.
(pdftex.def)             Requested size: 230.66353pt x 228.55563pt.
<UNet_LSTM/UNet_LSTM_acc_plot.png, id=278, 482.80376pt x 331.2375pt>
File: UNet_LSTM/UNet_LSTM_acc_plot.png Graphic file (type png)
<use UNet_LSTM/UNet_LSTM_acc_plot.png>
Package pdftex.def Info: UNet_LSTM/UNet_LSTM_acc_plot.png  used on input line 2
33.
(pdftex.def)             Requested size: 193.11807pt x 132.49265pt.
<UNet_LSTM/UNet_LSTM_loss_plot.png, id=279, 482.80376pt x 331.2375pt>
File: UNet_LSTM/UNet_LSTM_loss_plot.png Graphic file (type png)
<use UNet_LSTM/UNet_LSTM_loss_plot.png>
Package pdftex.def Info: UNet_LSTM/UNet_LSTM_loss_plot.png  used on input line 
240.
(pdftex.def)             Requested size: 193.11807pt x 132.49265pt.
<UNet_LSTM/UNet_lstm_confusion_matrix.png, id=280, 769.87625pt x 759.83875pt>
File: UNet_LSTM/UNet_lstm_confusion_matrix.png Graphic file (type png)
<use UNet_LSTM/UNet_lstm_confusion_matrix.png>
Package pdftex.def Info: UNet_LSTM/UNet_lstm_confusion_matrix.png  used on inpu
t line 247.
(pdftex.def)             Requested size: 230.96466pt x 227.95337pt.

Underfull \vbox (badness 1117) has occurred while \output is active []

 [5 <./bidirectional_LSTM/bidirectional_confusion_matrix.png> <./conv_LSTM/conv
_LSTM_acc_plot.png> <./conv_LSTM/conv_LSTM_loss_plot.png> <./conv_LSTM/conv_lst
m_confusion_matrix.png> <./UNet_LSTM/UNet_LSTM_acc_plot.png> <./UNet_LSTM/UNet_
LSTM_loss_plot.png>]
<ensemble_conv_UNet_LSTM/ensemble_conv_UNet_lstm_confusion_matrix.png, id=295, 
764.8575pt x 764.8575pt>
File: ensemble_conv_UNet_LSTM/ensemble_conv_UNet_lstm_confusion_matrix.png Grap
hic file (type png)
<use ensemble_conv_UNet_LSTM/ensemble_conv_UNet_lstm_confusion_matrix.png>
Package pdftex.def Info: ensemble_conv_UNet_LSTM/ensemble_conv_UNet_lstm_confus
ion_matrix.png  used on input line 256.
(pdftex.def)             Requested size: 229.45901pt x 229.45901pt.
<conv_LSTM_iner_skel/conv_LSTM_acc_plot_iner_skel.png, id=296, 376.40625pt x 25
2.945pt>
File: conv_LSTM_iner_skel/conv_LSTM_acc_plot_iner_skel.png Graphic file (type p
ng)
<use conv_LSTM_iner_skel/conv_LSTM_acc_plot_iner_skel.png>
Package pdftex.def Info: conv_LSTM_iner_skel/conv_LSTM_acc_plot_iner_skel.png  
used on input line 267.
(pdftex.def)             Requested size: 150.55983pt x 101.17621pt.
<conv_LSTM_iner_skel/conv_LSTM_loss_plot_iner_skel.png, id=297, 376.40625pt x 2
52.945pt>
File: conv_LSTM_iner_skel/conv_LSTM_loss_plot_iner_skel.png Graphic file (type 
png)
<use conv_LSTM_iner_skel/conv_LSTM_loss_plot_iner_skel.png>
Package pdftex.def Info: conv_LSTM_iner_skel/conv_LSTM_loss_plot_iner_skel.png 
 used on input line 274.
(pdftex.def)             Requested size: 150.55983pt x 101.17621pt.
<conv_LSTM_iner_skel/conv_lstm_confusion_matrix_iner_skel.png, id=298, 774.895p
t x 767.86874pt>
File: conv_LSTM_iner_skel/conv_lstm_confusion_matrix_iner_skel.png Graphic file
 (type png)
<use conv_LSTM_iner_skel/conv_lstm_confusion_matrix_iner_skel.png>
Package pdftex.def Info: conv_LSTM_iner_skel/conv_lstm_confusion_matrix_iner_sk
el.png  used on input line 281.
(pdftex.def)             Requested size: 232.47029pt x 230.3624pt.
<UNet_LSTM_iner_skel/UNet_LSTM_acc_plot_iner_skel.png, id=299, 376.40625pt x 25
2.945pt>
File: UNet_LSTM_iner_skel/UNet_LSTM_acc_plot_iner_skel.png Graphic file (type p
ng)
<use UNet_LSTM_iner_skel/UNet_LSTM_acc_plot_iner_skel.png>
Package pdftex.def Info: UNet_LSTM_iner_skel/UNet_LSTM_acc_plot_iner_skel.png  
used on input line 290.
(pdftex.def)             Requested size: 150.55983pt x 101.17621pt.
<UNet_LSTM_iner_skel/UNet_LSTM_loss_plot_iner_skel.png, id=300, 376.40625pt x 2
52.945pt>
File: UNet_LSTM_iner_skel/UNet_LSTM_loss_plot_iner_skel.png Graphic file (type 
png)
<use UNet_LSTM_iner_skel/UNet_LSTM_loss_plot_iner_skel.png>
Package pdftex.def Info: UNet_LSTM_iner_skel/UNet_LSTM_loss_plot_iner_skel.png 
 used on input line 297.
(pdftex.def)             Requested size: 150.55983pt x 101.17621pt.

Underfull \vbox (badness 3482) has occurred while \output is active []

 [6 <./UNet_LSTM/UNet_lstm_confusion_matrix.png> <./ensemble_conv_UNet_LSTM/ens
emble_conv_UNet_lstm_confusion_matrix.png> <./conv_LSTM_iner_skel/conv_LSTM_acc
_plot_iner_skel.png> <./conv_LSTM_iner_skel/conv_LSTM_loss_plot_iner_skel.png> 
<./conv_LSTM_iner_skel/conv_lstm_confusion_matrix_iner_skel.png>]
<UNet_LSTM_iner_skel/UNet_lstm_confusion_matrix_iner_skel.png, id=312, 773.8912
5pt x 766.865pt>
File: UNet_LSTM_iner_skel/UNet_lstm_confusion_matrix_iner_skel.png Graphic file
 (type png)
<use UNet_LSTM_iner_skel/UNet_lstm_confusion_matrix_iner_skel.png>
Package pdftex.def Info: UNet_LSTM_iner_skel/UNet_lstm_confusion_matrix_iner_sk
el.png  used on input line 304.
(pdftex.def)             Requested size: 232.16916pt x 230.06128pt.
<ensemble_conv_UNet_LSTM/ensemble_UNet_lstm_confusion_matrix_iner_skel.png, id=
314, 774.895pt x 766.865pt>
File: ensemble_conv_UNet_LSTM/ensemble_UNet_lstm_confusion_matrix_iner_skel.png
 Graphic file (type png)
<use ensemble_conv_UNet_LSTM/ensemble_UNet_lstm_confusion_matrix_iner_skel.png>

Package pdftex.def Info: ensemble_conv_UNet_LSTM/ensemble_UNet_lstm_confusion_m
atrix_iner_skel.png  used on input line 313.
(pdftex.def)             Requested size: 232.47029pt x 230.06128pt.

Underfull \vbox (badness 1314) has occurred while \output is active []


Overfull \hbox (4.24646pt too wide) in paragraph at lines 323--332
[][] 
 []

[7 <./UNet_LSTM_iner_skel/UNet_LSTM_acc_plot_iner_skel.png> <./UNet_LSTM_iner_s
kel/UNet_LSTM_loss_plot_iner_skel.png> <./UNet_LSTM_iner_skel/UNet_lstm_confusi
on_matrix_iner_skel.png> <./ensemble_conv_UNet_LSTM/ensemble_UNet_lstm_confusio
n_matrix_iner_skel.png>]
<models/simple_LSTM.png, id=337, 246.9225pt x 289.08pt>
File: models/simple_LSTM.png Graphic file (type png)
<use models/simple_LSTM.png>
Package pdftex.def Info: models/simple_LSTM.png  used on input line 344.
(pdftex.def)             Requested size: 123.46094pt x 144.53964pt.
<models/bidirectional_LSTM.png, id=338, 507.8975pt x 289.08pt>
File: models/bidirectional_LSTM.png Graphic file (type png)
<use models/bidirectional_LSTM.png>
Package pdftex.def Info: models/bidirectional_LSTM.png  used on input line 350.

(pdftex.def)             Requested size: 253.94814pt x 144.53964pt.

Overfull \hbox (1.94814pt too wide) in paragraph at lines 350--351
 [] 
 []

<models/conv_LSTM.png, id=339, 246.9225pt x 1494.58376pt>
File: models/conv_LSTM.png Graphic file (type png)
<use models/conv_LSTM.png>
Package pdftex.def Info: models/conv_LSTM.png  used on input line 356.
(pdftex.def)             Requested size: 98.76724pt x 597.8229pt.
<models/UNet_LSTM.png, id=340, 461.725pt x 3209.9925pt>
File: models/UNet_LSTM.png Graphic file (type png)
<use models/UNet_LSTM.png>
Package pdftex.def Info: models/UNet_LSTM.png  used on input line 362.
(pdftex.def)             Requested size: 101.5798pt x 706.20055pt.

Underfull \vbox (badness 10000) has occurred while \output is active []

 [8 <./models/simple_LSTM.png> <./models/bidirectional_LSTM.png> <./models/conv
_LSTM.png>]
Overfull \vbox (63.53252pt too high) has occurred while \output is active []


(./report.bbl [9 <./models/UNet_LSTM.png>])

** Conference Paper **
Before submitting the final camera ready copy, remember to:

 1. Manually equalize the lengths of two columns on the last page
 of your paper;

 2. Ensure that any PostScript and/or PDF output post-processing
 uses only Type 1 fonts and that every step in the generation
 process uses the appropriate paper size.

Package atveryend Info: Empty hook `BeforeClearDocument' on input line 369.
[10

]
Package atveryend Info: Empty hook `AfterLastShipout' on input line 369.
 (./report.aux)
Package atveryend Info: Executing hook `AtVeryEndDocument' on input line 369.
Package atveryend Info: Executing hook `AtEndAfterFileList' on input line 369.
Package rerunfilecheck Info: File `report.out' has not changed.
(rerunfilecheck)             Checksum: 53E558E2BED8CF5C5D90C8BE62DC4C22;2093.
Package atveryend Info: Empty hook `AtVeryVeryEnd' on input line 369.
 ) 
Here is how much of TeX's memory you used:
 8716 strings out of 492982
 133253 string characters out of 6134895
 227718 words of memory out of 5000000
 12029 multiletter control sequences out of 15000+600000
 41832 words of font info for 86 fonts, out of 8000000 for 9000
 1141 hyphenation exceptions out of 8191
 35i,13n,32p,887b,460s stack positions out of 5000i,500n,10000p,200000b,80000s
{/usr/share/texlive/texmf-dist/fonts/enc/dvips/base/8r.enc}</usr/share/texliv
e/texmf-dist/fonts/type1/public/amsfonts/cm/cmex10.pfb></usr/share/texlive/texm
f-dist/fonts/type1/public/amsfonts/cm/cmmi10.pfb></usr/share/texlive/texmf-dist
/fonts/type1/public/amsfonts/cm/cmmi7.pfb></usr/share/texlive/texmf-dist/fonts/
type1/public/amsfonts/cm/cmmi8.pfb></usr/share/texlive/texmf-dist/fonts/type1/p
ublic/amsfonts/cm/cmmi9.pfb></usr/share/texlive/texmf-dist/fonts/type1/public/a
msfonts/cm/cmr10.pfb></usr/share/texlive/texmf-dist/fonts/type1/public/amsfonts
/cm/cmr7.pfb></usr/share/texlive/texmf-dist/fonts/type1/public/amsfonts/cm/cmr8
.pfb></usr/share/texlive/texmf-dist/fonts/type1/public/amsfonts/cm/cmr9.pfb></u
sr/share/texlive/texmf-dist/fonts/type1/public/amsfonts/cm/cmsy7.pfb></usr/shar
e/texlive/texmf-dist/fonts/type1/public/amsfonts/cm/cmsy8.pfb></usr/share/texli
ve/texmf-dist/fonts/type1/urw/times/utmb8a.pfb></usr/share/texlive/texmf-dist/f
onts/type1/urw/times/utmbi8a.pfb></usr/share/texlive/texmf-dist/fonts/type1/urw
/times/utmr8a.pfb></usr/share/texlive/texmf-dist/fonts/type1/urw/times/utmri8a.
pfb>
Output written on report.pdf (10 pages, 1202251 bytes).
PDF statistics:
 459 PDF objects out of 1000 (max. 8388607)
 376 compressed objects within 4 object streams
 114 named destinations out of 1000 (max. 500000)
 419 words of extra memory for PDF output out of 10000 (max. 10000000)

